<?xml version="1.0" encoding="UTF-8"?>
<!-- Generated by org.testng.reporters.JUnitReportReporter -->
<testsuite skipped="0" hostname="DESKTOP-INQUNRP" name="com.sql.ddl.AutoIndex.Whatis_Index" tests="1" failures="0" timestamp="2020-10-18T20:11:14 EDT" time="0.090" errors="0">
  <testcase name="testMethods" time="0.090" classname="com.sql.ddl.AutoIndex.Whatis_Index"/>
  <system-out/>
</testsuite> <!-- com.sql.ddl.AutoIndex.Whatis_Index -->
