<?xml version="1.0" encoding="UTF-8"?>
<!-- Generated by org.testng.reporters.JUnitReportReporter -->
<testsuite skipped="0" hostname="DESKTOP-INQUNRP" name="com.sql.basicQuestions.WhatAreConstraints_Unique" tests="1" failures="0" timestamp="2020-10-17T18:17:08 EDT" time="0.099" errors="0">
  <testcase name="testMethods" time="0.099" classname="com.sql.basicQuestions.WhatAreConstraints_Unique"/>
  <system-out/>
</testsuite> <!-- com.sql.basicQuestions.WhatAreConstraints_Unique -->
