<?xml version="1.0" encoding="UTF-8"?>
<!-- Generated by org.testng.reporters.JUnitReportReporter -->
<testsuite skipped="0" hostname="DESKTOP-INQUNRP" name="com.sql.ddl.ConstraintsQuestions.WhatAreConstraints_ForeignKey" tests="1" failures="0" timestamp="2020-11-14T19:00:30 EST" time="0.383" errors="0">
  <testcase name="testMethods" time="0.383" classname="com.sql.ddl.ConstraintsQuestions.WhatAreConstraints_ForeignKey"/>
  <system-out/>
</testsuite> <!-- com.sql.ddl.ConstraintsQuestions.WhatAreConstraints_ForeignKey -->
