<?xml version="1.0" encoding="UTF-8"?>
<!-- Generated by org.testng.reporters.JUnitReportReporter -->
<testsuite skipped="0" hostname="DESKTOP-INQUNRP" name="com.sql.basicQuestions.DifferentTypesOfSQLcommands" tests="1" failures="0" timestamp="2020-10-17T13:15:33 EDT" time="0.332" errors="0">
  <testcase name="testAll" time="0.332" classname="com.sql.basicQuestions.DifferentTypesOfSQLcommands"/>
  <system-out/>
</testsuite> <!-- com.sql.basicQuestions.DifferentTypesOfSQLcommands -->
