<?xml version="1.0" encoding="UTF-8"?>
<!-- Generated by org.testng.reporters.JUnitReportReporter -->
<testsuite skipped="0" hostname="DESKTOP-INQUNRP" name="com.sql.ddl.ConstraintsQuestions.WhatAreConstraints_PrimaryKey" tests="1" failures="0" timestamp="2020-11-14T18:48:23 EST" time="0.776" errors="0">
  <testcase name="testMethods" time="0.776" classname="com.sql.ddl.ConstraintsQuestions.WhatAreConstraints_PrimaryKey"/>
  <system-out/>
</testsuite> <!-- com.sql.ddl.ConstraintsQuestions.WhatAreConstraints_PrimaryKey -->
