<?xml version="1.0" encoding="UTF-8"?>
<!-- Generated by org.testng.reporters.JUnitReportReporter -->
<testsuite skipped="0" hostname="DESKTOP-INQUNRP" name="com.sql.basicQuestions.WhatAreConstraints_PrimaryKey" tests="1" failures="0" timestamp="2020-10-18T12:53:52 EDT" time="0.983" errors="0">
  <testcase name="testMethods" time="0.983" classname="com.sql.basicQuestions.WhatAreConstraints_PrimaryKey"/>
  <system-out/>
</testsuite> <!-- com.sql.basicQuestions.WhatAreConstraints_PrimaryKey -->
