<?xml version="1.0" encoding="UTF-8"?>
<!-- Generated by org.testng.reporters.JUnitReportReporter -->
<testsuite skipped="0" hostname="DESKTOP-INQUNRP" name="com.sql.ddl.DataBaseAndSchemaQuestions.HowToCreateDataBase" tests="1" failures="0" timestamp="2020-11-06T13:22:12 EST" time="0.972" errors="0">
  <testcase name="testMethods" time="0.972" classname="com.sql.ddl.DataBaseAndSchemaQuestions.HowToCreateDataBase"/>
  <system-out/>
</testsuite> <!-- com.sql.ddl.DataBaseAndSchemaQuestions.HowToCreateDataBase -->
