<?xml version="1.0" encoding="UTF-8"?>
<!-- Generated by org.testng.reporters.JUnitReportReporter -->
<testsuite skipped="0" hostname="DESKTOP-INQUNRP" name="com.sql.ddl.AutoIndex.Whatis_AutoIncrement" tests="1" failures="0" timestamp="2020-10-18T19:54:11 EDT" time="0.450" errors="0">
  <testcase name="testMethods" time="0.450" classname="com.sql.ddl.AutoIndex.Whatis_AutoIncrement"/>
  <system-out/>
</testsuite> <!-- com.sql.ddl.AutoIndex.Whatis_AutoIncrement -->
