<?xml version="1.0" encoding="UTF-8"?>
<!-- Generated by org.testng.reporters.JUnitReportReporter -->
<testsuite skipped="0" hostname="DESKTOP-INQUNRP" name="com.sql.ConstraintsQuestions.WhatAreConstraints_ForeignKey" tests="1" failures="0" timestamp="2020-10-18T18:09:41 EDT" time="0.013" errors="0">
  <testcase name="testMethods" time="0.013" classname="com.sql.ConstraintsQuestions.WhatAreConstraints_ForeignKey"/>
  <system-out/>
</testsuite> <!-- com.sql.ConstraintsQuestions.WhatAreConstraints_ForeignKey -->
