<?xml version="1.0" encoding="UTF-8"?>
<!-- Generated by org.testng.reporters.JUnitReportReporter -->
<testsuite skipped="0" hostname="DESKTOP-INQUNRP" name="com.sql.ddl.AutoIndex.Whatis_Views" tests="1" failures="0" timestamp="2020-10-18T20:38:26 EDT" time="0.239" errors="0">
  <testcase name="testMethods" time="0.239" classname="com.sql.ddl.AutoIndex.Whatis_Views"/>
  <system-out/>
</testsuite> <!-- com.sql.ddl.AutoIndex.Whatis_Views -->
