<?xml version="1.0" encoding="UTF-8"?>
<!-- Generated by org.testng.reporters.JUnitReportReporter -->
<testsuite skipped="0" hostname="DESKTOP-INQUNRP" name="com.sql.basicQuestions.WhatAreConstraints" tests="1" failures="0" timestamp="2020-10-17T17:29:31 EDT" time="0.071" errors="0">
  <testcase name="testMethods" time="0.071" classname="com.sql.basicQuestions.WhatAreConstraints"/>
  <system-out/>
</testsuite> <!-- com.sql.basicQuestions.WhatAreConstraints -->
