<?xml version="1.0" encoding="UTF-8"?>
<!-- Generated by org.testng.reporters.JUnitReportReporter -->
<testsuite skipped="0" hostname="DESKTOP-INQUNRP" name="com.sql.ddl.DataBaseAndSchemaQuestions.HowToGetDataBaseName" tests="1" failures="0" timestamp="2020-11-06T14:10:08 EST" time="0.009" errors="0">
  <testcase name="testMethods" time="0.009" classname="com.sql.ddl.DataBaseAndSchemaQuestions.HowToGetDataBaseName"/>
  <system-out/>
</testsuite> <!-- com.sql.ddl.DataBaseAndSchemaQuestions.HowToGetDataBaseName -->
